2024-12-20 18:40:00,812 - INFO - 总共需要处理 9527 个分子。
2024-12-20 18:48:40,434 - INFO - 总共需要处理 9527 个分子。
2024-12-20 18:48:46,649 - INFO - 已完成 100/9527 个分子的处理。
2024-12-20 18:48:50,655 - INFO - 已完成 200/9527 个分子的处理。
2024-12-20 18:48:51,323 - INFO - 已完成 300/9527 个分子的处理。
2024-12-20 18:48:52,359 - INFO - 已完成 400/9527 个分子的处理。
2024-12-20 18:48:53,532 - INFO - 已完成 500/9527 个分子的处理。
2024-12-20 18:48:54,626 - INFO - 已完成 600/9527 个分子的处理。
2024-12-20 18:48:55,511 - INFO - 已完成 700/9527 个分子的处理。
2024-12-20 18:48:58,243 - INFO - 已完成 800/9527 个分子的处理。
2024-12-20 18:49:00,455 - INFO - 已完成 900/9527 个分子的处理。
2024-12-20 18:49:01,852 - INFO - 已完成 1000/9527 个分子的处理。
2024-12-20 18:49:03,139 - INFO - 已完成 1100/9527 个分子的处理。
2024-12-20 18:49:04,437 - INFO - 已完成 1200/9527 个分子的处理。
2024-12-20 18:49:05,984 - INFO - 已完成 1300/9527 个分子的处理。
2024-12-20 18:49:07,648 - INFO - 已完成 1400/9527 个分子的处理。
2024-12-20 18:49:08,386 - INFO - 已完成 1500/9527 个分子的处理。
2024-12-20 18:49:11,519 - INFO - 已完成 1600/9527 个分子的处理。
2024-12-20 18:49:12,300 - INFO - 已完成 1700/9527 个分子的处理。
2024-12-20 18:49:13,089 - INFO - 已完成 1800/9527 个分子的处理。
2024-12-20 18:49:14,210 - INFO - 已完成 1900/9527 个分子的处理。
2024-12-20 18:49:19,137 - INFO - 已完成 2000/9527 个分子的处理。
2024-12-20 18:49:29,907 - INFO - 已完成 2100/9527 个分子的处理。
2024-12-20 18:49:35,977 - INFO - 已完成 2200/9527 个分子的处理。
2024-12-20 18:49:38,413 - INFO - 已完成 2300/9527 个分子的处理。
2024-12-20 18:49:50,363 - INFO - 已完成 2400/9527 个分子的处理。
2024-12-20 18:49:52,010 - INFO - 已完成 2500/9527 个分子的处理。
2024-12-20 18:49:53,286 - INFO - 已完成 2600/9527 个分子的处理。
2024-12-20 18:49:56,336 - INFO - 已完成 2700/9527 个分子的处理。
2024-12-20 18:50:00,841 - INFO - 已完成 2800/9527 个分子的处理。
2024-12-20 18:50:03,487 - INFO - 已完成 2900/9527 个分子的处理。
2024-12-20 18:50:07,799 - INFO - 已完成 3000/9527 个分子的处理。
2024-12-20 18:50:09,867 - INFO - 已完成 3100/9527 个分子的处理。
2024-12-20 18:50:10,301 - INFO - 已完成 3200/9527 个分子的处理。
2024-12-20 18:50:10,669 - INFO - 已完成 3300/9527 个分子的处理。
2024-12-20 18:50:10,909 - INFO - 已完成 3400/9527 个分子的处理。
2024-12-20 18:50:11,247 - INFO - 已完成 3500/9527 个分子的处理。
2024-12-20 18:50:12,143 - INFO - 已完成 3600/9527 个分子的处理。
2024-12-20 18:50:12,829 - INFO - 已完成 3700/9527 个分子的处理。
2024-12-20 18:50:13,147 - INFO - 已完成 3800/9527 个分子的处理。
2024-12-20 18:50:13,500 - INFO - 已完成 3900/9527 个分子的处理。
2024-12-20 18:50:13,850 - INFO - 已完成 4000/9527 个分子的处理。
2024-12-20 18:50:14,400 - INFO - 已完成 4100/9527 个分子的处理。
2024-12-20 18:50:14,721 - INFO - 已完成 4200/9527 个分子的处理。
2024-12-20 18:50:14,994 - INFO - 已完成 4300/9527 个分子的处理。
2024-12-20 18:50:15,286 - INFO - 已完成 4400/9527 个分子的处理。
2024-12-20 18:50:16,033 - INFO - 已完成 4500/9527 个分子的处理。
2024-12-20 18:50:16,800 - INFO - 已完成 4600/9527 个分子的处理。
2024-12-20 18:50:17,809 - INFO - 已完成 4700/9527 个分子的处理。
2024-12-20 18:50:21,752 - INFO - 已完成 4800/9527 个分子的处理。
2024-12-20 18:50:22,031 - INFO - 已完成 4900/9527 个分子的处理。
2024-12-20 18:50:22,323 - INFO - 已完成 5000/9527 个分子的处理。
2024-12-20 18:50:24,964 - INFO - 已完成 5100/9527 个分子的处理。
2024-12-20 18:50:30,529 - INFO - 已完成 5200/9527 个分子的处理。
2024-12-20 18:50:33,725 - INFO - 已完成 5300/9527 个分子的处理。
2024-12-20 18:50:36,456 - INFO - 已完成 5400/9527 个分子的处理。
2024-12-20 18:50:39,374 - INFO - 已完成 5500/9527 个分子的处理。
2024-12-20 18:50:42,193 - INFO - 已完成 5600/9527 个分子的处理。
2024-12-20 18:50:46,431 - INFO - 已完成 5700/9527 个分子的处理。
2024-12-20 18:50:50,515 - INFO - 已完成 5800/9527 个分子的处理。
2024-12-20 18:50:53,711 - INFO - 已完成 5900/9527 个分子的处理。
2024-12-20 18:50:57,697 - INFO - 已完成 6000/9527 个分子的处理。
2024-12-20 18:51:00,587 - INFO - 已完成 6100/9527 个分子的处理。
2024-12-20 18:51:03,469 - INFO - 已完成 6200/9527 个分子的处理。
2024-12-20 18:51:05,470 - INFO - 已完成 6300/9527 个分子的处理。
2024-12-20 18:51:07,813 - INFO - 已完成 6400/9527 个分子的处理。
2024-12-20 18:51:10,342 - INFO - 已完成 6500/9527 个分子的处理。
2024-12-20 18:51:14,038 - INFO - 已完成 6600/9527 个分子的处理。
2024-12-20 18:51:22,267 - INFO - 已完成 6700/9527 个分子的处理。
2024-12-20 18:51:26,916 - INFO - 已完成 6800/9527 个分子的处理。
2024-12-20 18:51:36,427 - INFO - 已完成 6900/9527 个分子的处理。
2024-12-20 18:51:37,866 - INFO - 已完成 7000/9527 个分子的处理。
2024-12-20 18:51:38,819 - INFO - 已完成 7100/9527 个分子的处理。
2024-12-20 18:51:40,254 - INFO - 已完成 7200/9527 个分子的处理。
2024-12-20 18:51:44,692 - INFO - 已完成 7300/9527 个分子的处理。
2024-12-20 18:51:50,082 - INFO - 已完成 7400/9527 个分子的处理。
2024-12-20 18:51:53,939 - INFO - 已完成 7500/9527 个分子的处理。
2024-12-20 18:52:00,204 - INFO - 已完成 7600/9527 个分子的处理。
2024-12-20 18:52:08,759 - INFO - 已完成 7700/9527 个分子的处理。
2024-12-20 18:52:17,437 - INFO - 已完成 7800/9527 个分子的处理。
2024-12-20 18:52:24,455 - INFO - 已完成 7900/9527 个分子的处理。
2024-12-20 18:52:32,326 - INFO - 已完成 8000/9527 个分子的处理。
2024-12-20 18:52:40,264 - INFO - 已完成 8100/9527 个分子的处理。
2024-12-20 18:52:51,756 - INFO - 已完成 8200/9527 个分子的处理。
2024-12-20 18:53:00,181 - INFO - 已完成 8300/9527 个分子的处理。
2024-12-20 18:53:08,393 - INFO - 已完成 8400/9527 个分子的处理。
2024-12-20 18:53:16,855 - INFO - 已完成 8500/9527 个分子的处理。
2024-12-20 18:53:19,250 - INFO - 已完成 8600/9527 个分子的处理。
2024-12-20 18:53:26,001 - INFO - 已完成 8700/9527 个分子的处理。
2024-12-20 18:53:27,186 - INFO - 已完成 8800/9527 个分子的处理。
2024-12-20 18:53:27,857 - INFO - 已完成 8900/9527 个分子的处理。
2024-12-20 18:53:28,991 - INFO - 已完成 9000/9527 个分子的处理。
2024-12-20 18:53:29,596 - INFO - 已完成 9100/9527 个分子的处理。
2024-12-20 18:53:30,417 - INFO - 已完成 9200/9527 个分子的处理。
2024-12-20 18:53:31,687 - INFO - 已完成 9300/9527 个分子的处理。
2024-12-20 18:53:32,731 - INFO - 已完成 9400/9527 个分子的处理。
2024-12-20 18:53:33,986 - INFO - 已完成 9500/9527 个分子的处理。
2024-12-20 18:53:34,650 - INFO - 所有Gaussian输入文件已生成。
2024-12-20 19:55:17,467 - INFO - 总共需要处理 9527 个分子。
2024-12-20 19:55:22,131 - INFO - 已完成 100/9527 个分子的处理。
2024-12-20 19:55:25,634 - INFO - 已完成 200/9527 个分子的处理。
2024-12-20 19:55:26,278 - INFO - 已完成 300/9527 个分子的处理。
2024-12-20 19:55:27,300 - INFO - 已完成 400/9527 个分子的处理。
2024-12-20 19:55:28,472 - INFO - 已完成 500/9527 个分子的处理。
2024-12-20 19:55:29,611 - INFO - 已完成 600/9527 个分子的处理。
2024-12-20 19:55:30,450 - INFO - 已完成 700/9527 个分子的处理。
2024-12-20 19:55:33,009 - INFO - 已完成 800/9527 个分子的处理。
2024-12-20 19:55:34,835 - INFO - 已完成 900/9527 个分子的处理。
2024-12-20 19:55:36,057 - INFO - 已完成 1000/9527 个分子的处理。
2024-12-20 19:55:37,346 - INFO - 已完成 1100/9527 个分子的处理。
2024-12-20 19:55:38,428 - INFO - 已完成 1200/9527 个分子的处理。
2024-12-20 19:55:40,018 - INFO - 已完成 1300/9527 个分子的处理。
2024-12-20 19:55:41,598 - INFO - 已完成 1400/9527 个分子的处理。
2024-12-20 19:55:42,341 - INFO - 已完成 1500/9527 个分子的处理。
2024-12-20 19:55:44,990 - INFO - 已完成 1600/9527 个分子的处理。
2024-12-20 19:55:45,804 - INFO - 已完成 1700/9527 个分子的处理。
2024-12-20 19:55:46,559 - INFO - 已完成 1800/9527 个分子的处理。
2024-12-20 19:55:47,556 - INFO - 已完成 1900/9527 个分子的处理。
2024-12-20 19:55:52,221 - INFO - 已完成 2000/9527 个分子的处理。
2024-12-20 19:56:01,592 - INFO - 已完成 2100/9527 个分子的处理。
2024-12-20 19:56:06,625 - INFO - 已完成 2200/9527 个分子的处理。
2024-12-20 19:56:08,557 - INFO - 已完成 2300/9527 个分子的处理。
2024-12-20 19:56:20,513 - INFO - 已完成 2400/9527 个分子的处理。
2024-12-20 19:56:22,291 - INFO - 已完成 2500/9527 个分子的处理。
2024-12-20 19:56:23,643 - INFO - 已完成 2600/9527 个分子的处理。
2024-12-20 19:56:26,856 - INFO - 已完成 2700/9527 个分子的处理。
2024-12-20 19:56:31,753 - INFO - 已完成 2800/9527 个分子的处理。
2024-12-20 19:56:34,530 - INFO - 已完成 2900/9527 个分子的处理。
2024-12-20 19:56:39,141 - INFO - 已完成 3000/9527 个分子的处理。
2024-12-20 19:56:41,445 - INFO - 已完成 3100/9527 个分子的处理。
2024-12-20 19:56:41,865 - INFO - 已完成 3200/9527 个分子的处理。
2024-12-20 19:56:42,198 - INFO - 已完成 3300/9527 个分子的处理。
2024-12-20 19:56:42,455 - INFO - 已完成 3400/9527 个分子的处理。
2024-12-20 19:56:42,796 - INFO - 已完成 3500/9527 个分子的处理。
2024-12-20 19:56:43,751 - INFO - 已完成 3600/9527 个分子的处理。
2024-12-20 19:56:44,494 - INFO - 已完成 3700/9527 个分子的处理。
2024-12-20 19:56:44,857 - INFO - 已完成 3800/9527 个分子的处理。
2024-12-20 19:56:45,219 - INFO - 已完成 3900/9527 个分子的处理。
2024-12-20 19:56:45,554 - INFO - 已完成 4000/9527 个分子的处理。
2024-12-20 19:56:46,136 - INFO - 已完成 4100/9527 个分子的处理。
2024-12-20 19:56:46,460 - INFO - 已完成 4200/9527 个分子的处理。
2024-12-20 19:56:46,738 - INFO - 已完成 4300/9527 个分子的处理。
2024-12-20 19:56:47,038 - INFO - 已完成 4400/9527 个分子的处理。
2024-12-20 19:56:47,783 - INFO - 已完成 4500/9527 个分子的处理。
2024-12-20 19:56:48,637 - INFO - 已完成 4600/9527 个分子的处理。
2024-12-20 19:56:49,869 - INFO - 已完成 4700/9527 个分子的处理。
2024-12-20 19:56:54,518 - INFO - 已完成 4800/9527 个分子的处理。
2024-12-20 19:56:54,804 - INFO - 已完成 4900/9527 个分子的处理。
2024-12-20 19:56:55,143 - INFO - 已完成 5000/9527 个分子的处理。
2024-12-20 19:56:58,242 - INFO - 已完成 5100/9527 个分子的处理。
2024-12-20 19:57:04,984 - INFO - 已完成 5200/9527 个分子的处理。
2024-12-20 19:57:08,804 - INFO - 已完成 5300/9527 个分子的处理。
2024-12-20 19:57:12,066 - INFO - 已完成 5400/9527 个分子的处理。
2024-12-20 19:57:15,503 - INFO - 已完成 5500/9527 个分子的处理。
2024-12-20 19:57:18,632 - INFO - 已完成 5600/9527 个分子的处理。
2024-12-20 19:57:23,165 - INFO - 已完成 5700/9527 个分子的处理。
2024-12-20 19:57:27,842 - INFO - 已完成 5800/9527 个分子的处理。
2024-12-20 19:57:31,519 - INFO - 已完成 5900/9527 个分子的处理。
2024-12-20 19:57:36,478 - INFO - 已完成 6000/9527 个分子的处理。
2024-12-20 19:57:39,570 - INFO - 已完成 6100/9527 个分子的处理。
2024-12-20 19:57:42,620 - INFO - 已完成 6200/9527 个分子的处理。
2024-12-20 19:57:44,990 - INFO - 已完成 6300/9527 个分子的处理。
2024-12-20 19:57:47,582 - INFO - 已完成 6400/9527 个分子的处理。
2024-12-20 19:57:50,259 - INFO - 已完成 6500/9527 个分子的处理。
2024-12-20 19:57:54,284 - INFO - 已完成 6600/9527 个分子的处理。
2024-12-20 19:58:03,224 - INFO - 已完成 6700/9527 个分子的处理。
2024-12-20 19:58:08,429 - INFO - 已完成 6800/9527 个分子的处理。
2024-12-20 19:58:18,893 - INFO - 已完成 6900/9527 个分子的处理。
2024-12-20 19:58:20,375 - INFO - 已完成 7000/9527 个分子的处理。
2024-12-20 19:58:21,327 - INFO - 已完成 7100/9527 个分子的处理。
2024-12-20 19:58:22,909 - INFO - 已完成 7200/9527 个分子的处理。
2024-12-20 19:58:27,555 - INFO - 已完成 7300/9527 个分子的处理。
2024-12-20 19:58:33,553 - INFO - 已完成 7400/9527 个分子的处理。
2024-12-20 19:58:37,980 - INFO - 已完成 7500/9527 个分子的处理。
2024-12-20 19:58:44,639 - INFO - 已完成 7600/9527 个分子的处理。
2024-12-20 19:58:53,748 - INFO - 已完成 7700/9527 个分子的处理。
2024-12-20 19:59:02,725 - INFO - 已完成 7800/9527 个分子的处理。
2024-12-20 19:59:09,028 - INFO - 已完成 7900/9527 个分子的处理。
2024-12-20 19:59:16,828 - INFO - 已完成 8000/9527 个分子的处理。
2024-12-20 19:59:24,320 - INFO - 已完成 8100/9527 个分子的处理。
2024-12-20 19:59:35,533 - INFO - 已完成 8200/9527 个分子的处理。
2024-12-20 19:59:43,221 - INFO - 已完成 8300/9527 个分子的处理。
2024-12-20 19:59:51,359 - INFO - 已完成 8400/9527 个分子的处理。
2024-12-20 19:59:59,633 - INFO - 已完成 8500/9527 个分子的处理。
2024-12-20 20:00:02,079 - INFO - 已完成 8600/9527 个分子的处理。
2024-12-20 20:00:08,494 - INFO - 已完成 8700/9527 个分子的处理。
2024-12-20 20:00:09,521 - INFO - 已完成 8800/9527 个分子的处理。
2024-12-20 20:00:10,094 - INFO - 已完成 8900/9527 个分子的处理。
2024-12-20 20:00:11,144 - INFO - 已完成 9000/9527 个分子的处理。
2024-12-20 20:00:11,733 - INFO - 已完成 9100/9527 个分子的处理。
2024-12-20 20:00:12,525 - INFO - 已完成 9200/9527 个分子的处理。
2024-12-20 20:00:13,674 - INFO - 已完成 9300/9527 个分子的处理。
2024-12-20 20:00:14,639 - INFO - 已完成 9400/9527 个分子的处理。
2024-12-20 20:00:15,782 - INFO - 已完成 9500/9527 个分子的处理。
2024-12-20 20:00:16,308 - INFO - 所有Gaussian输入文件已生成。
2024-12-20 20:00:39,805 - INFO - 总共需要处理 9527 个分子。
2024-12-20 20:00:45,462 - INFO - 已完成 100/9527 个分子的处理。
2024-12-20 20:00:49,534 - INFO - 已完成 200/9527 个分子的处理。
2024-12-20 20:00:50,293 - INFO - 已完成 300/9527 个分子的处理。
2024-12-20 20:00:51,366 - INFO - 已完成 400/9527 个分子的处理。
2024-12-20 20:00:52,675 - INFO - 已完成 500/9527 个分子的处理。
2024-12-20 20:00:53,867 - INFO - 已完成 600/9527 个分子的处理。
2024-12-20 20:00:54,752 - INFO - 已完成 700/9527 个分子的处理。
2024-12-20 20:00:57,426 - INFO - 已完成 800/9527 个分子的处理。
2024-12-20 20:00:59,500 - INFO - 已完成 900/9527 个分子的处理。
2024-12-20 20:01:00,875 - INFO - 已完成 1000/9527 个分子的处理。
2024-12-20 20:01:02,292 - INFO - 已完成 1100/9527 个分子的处理。
2024-12-20 20:01:03,499 - INFO - 已完成 1200/9527 个分子的处理。
2024-12-20 20:01:05,148 - INFO - 已完成 1300/9527 个分子的处理。
2024-12-20 20:01:06,858 - INFO - 已完成 1400/9527 个分子的处理。
2024-12-20 20:01:07,699 - INFO - 已完成 1500/9527 个分子的处理。
2024-12-20 20:01:10,649 - INFO - 已完成 1600/9527 个分子的处理。
2024-12-20 20:01:11,624 - INFO - 已完成 1700/9527 个分子的处理。
2024-12-20 20:01:12,453 - INFO - 已完成 1800/9527 个分子的处理。
2024-12-20 20:01:13,564 - INFO - 已完成 1900/9527 个分子的处理。
2024-12-20 20:01:19,191 - INFO - 已完成 2000/9527 个分子的处理。
2024-12-20 20:01:30,294 - INFO - 已完成 2100/9527 个分子的处理。
2024-12-20 20:01:36,438 - INFO - 已完成 2200/9527 个分子的处理。
2024-12-20 20:01:38,996 - INFO - 已完成 2300/9527 个分子的处理。
2024-12-20 20:01:51,798 - INFO - 已完成 2400/9527 个分子的处理。
2024-12-20 20:01:53,898 - INFO - 已完成 2500/9527 个分子的处理。
2024-12-20 20:01:55,481 - INFO - 已完成 2600/9527 个分子的处理。
2024-12-20 20:01:59,603 - INFO - 已完成 2700/9527 个分子的处理。
2024-12-20 20:02:05,185 - INFO - 已完成 2800/9527 个分子的处理。
2024-12-20 20:02:08,414 - INFO - 已完成 2900/9527 个分子的处理。
2024-12-20 20:02:13,690 - INFO - 已完成 3000/9527 个分子的处理。
2024-12-20 20:02:16,503 - INFO - 已完成 3100/9527 个分子的处理。
2024-12-20 20:02:17,000 - INFO - 已完成 3200/9527 个分子的处理。
2024-12-20 20:02:17,402 - INFO - 已完成 3300/9527 个分子的处理。
2024-12-20 20:02:17,667 - INFO - 已完成 3400/9527 个分子的处理。
2024-12-20 20:02:18,056 - INFO - 已完成 3500/9527 个分子的处理。
2024-12-20 20:02:19,238 - INFO - 已完成 3600/9527 个分子的处理。
2024-12-20 20:02:20,098 - INFO - 已完成 3700/9527 个分子的处理。
2024-12-20 20:02:20,516 - INFO - 已完成 3800/9527 个分子的处理。
2024-12-20 20:02:20,970 - INFO - 已完成 3900/9527 个分子的处理。
2024-12-20 20:02:21,398 - INFO - 已完成 4000/9527 个分子的处理。
2024-12-20 20:02:22,057 - INFO - 已完成 4100/9527 个分子的处理。
2024-12-20 20:02:22,433 - INFO - 已完成 4200/9527 个分子的处理。
2024-12-20 20:02:22,814 - INFO - 已完成 4300/9527 个分子的处理。
2024-12-20 20:02:23,178 - INFO - 已完成 4400/9527 个分子的处理。
2024-12-20 20:02:24,079 - INFO - 已完成 4500/9527 个分子的处理。
2024-12-20 20:02:25,003 - INFO - 已完成 4600/9527 个分子的处理。
2024-12-20 20:02:26,273 - INFO - 已完成 4700/9527 个分子的处理。
2024-12-20 20:02:31,320 - INFO - 已完成 4800/9527 个分子的处理。
2024-12-20 20:02:31,656 - INFO - 已完成 4900/9527 个分子的处理。
2024-12-20 20:02:31,997 - INFO - 已完成 5000/9527 个分子的处理。
2024-12-20 20:02:35,306 - INFO - 已完成 5100/9527 个分子的处理。
2024-12-20 20:02:42,079 - INFO - 已完成 5200/9527 个分子的处理。
2024-12-20 20:02:46,145 - INFO - 已完成 5300/9527 个分子的处理。
2024-12-20 20:02:49,553 - INFO - 已完成 5400/9527 个分子的处理。
2024-12-20 20:02:53,644 - INFO - 已完成 5500/9527 个分子的处理。
2024-12-20 20:02:57,256 - INFO - 已完成 5600/9527 个分子的处理。
2024-12-20 20:03:02,813 - INFO - 已完成 5700/9527 个分子的处理。
2024-12-20 20:03:07,943 - INFO - 已完成 5800/9527 个分子的处理。
2024-12-20 20:03:12,067 - INFO - 已完成 5900/9527 个分子的处理。
2024-12-20 20:03:17,385 - INFO - 已完成 6000/9527 个分子的处理。
2024-12-20 20:03:21,142 - INFO - 已完成 6100/9527 个分子的处理。
2024-12-20 20:03:25,070 - INFO - 已完成 6200/9527 个分子的处理。
2024-12-20 20:03:27,735 - INFO - 已完成 6300/9527 个分子的处理。
2024-12-20 20:03:30,918 - INFO - 已完成 6400/9527 个分子的处理。
2024-12-20 20:03:34,172 - INFO - 已完成 6500/9527 个分子的处理。
2024-12-20 20:03:39,329 - INFO - 已完成 6600/9527 个分子的处理。
2024-12-20 20:03:51,174 - INFO - 已完成 6700/9527 个分子的处理。
2024-12-20 20:03:57,569 - INFO - 已完成 6800/9527 个分子的处理。
2024-12-20 20:04:11,090 - INFO - 已完成 6900/9527 个分子的处理。
2024-12-20 20:04:13,260 - INFO - 已完成 7000/9527 个分子的处理。
2024-12-20 20:04:14,660 - INFO - 已完成 7100/9527 个分子的处理。
2024-12-20 20:04:16,733 - INFO - 已完成 7200/9527 个分子的处理。
2024-12-20 20:04:22,923 - INFO - 已完成 7300/9527 个分子的处理。
2024-12-20 20:04:29,955 - INFO - 已完成 7400/9527 个分子的处理。
2024-12-20 20:04:35,089 - INFO - 已完成 7500/9527 个分子的处理。
2024-12-20 20:04:42,638 - INFO - 已完成 7600/9527 个分子的处理。
2024-12-20 20:04:53,662 - INFO - 已完成 7700/9527 个分子的处理。
2024-12-20 20:05:04,863 - INFO - 已完成 7800/9527 个分子的处理。
2024-12-20 20:05:13,653 - INFO - 已完成 7900/9527 个分子的处理。
2024-12-20 20:05:23,801 - INFO - 已完成 8000/9527 个分子的处理。
2024-12-20 20:05:33,849 - INFO - 已完成 8100/9527 个分子的处理。
2024-12-20 20:05:46,562 - INFO - 已完成 8200/9527 个分子的处理。
2024-12-20 20:05:56,976 - INFO - 已完成 8300/9527 个分子的处理。
2024-12-20 20:06:06,935 - INFO - 已完成 8400/9527 个分子的处理。
2024-12-20 20:06:17,528 - INFO - 已完成 8500/9527 个分子的处理。
2024-12-20 20:06:20,050 - INFO - 已完成 8600/9527 个分子的处理。
2024-12-20 20:06:27,303 - INFO - 已完成 8700/9527 个分子的处理。
2024-12-20 20:06:28,804 - INFO - 已完成 8800/9527 个分子的处理。
2024-12-20 20:06:29,549 - INFO - 已完成 8900/9527 个分子的处理。
2024-12-20 20:06:30,865 - INFO - 已完成 9000/9527 个分子的处理。
2024-12-20 20:06:31,559 - INFO - 已完成 9100/9527 个分子的处理。
2024-12-20 20:06:32,397 - INFO - 已完成 9200/9527 个分子的处理。
2024-12-20 20:06:33,991 - INFO - 已完成 9300/9527 个分子的处理。
2024-12-20 20:06:35,273 - INFO - 已完成 9400/9527 个分子的处理。
2024-12-20 20:06:36,745 - INFO - 已完成 9500/9527 个分子的处理。
2024-12-20 20:06:37,349 - INFO - 所有Gaussian输入文件已生成。
2024-12-20 21:45:15,258 - INFO - 总共需要处理 9447 个分子。
2024-12-20 21:45:20,136 - INFO - 已完成 100/9447 个分子的处理。
2024-12-20 21:54:07,709 - INFO - 总共需要处理 9447 个分子。
2024-12-20 21:54:12,980 - INFO - 已完成 100/9447 个分子的处理。
2024-12-20 21:54:16,249 - INFO - 已完成 200/9447 个分子的处理。
2024-12-20 21:54:16,858 - INFO - 已完成 300/9447 个分子的处理。
2024-12-20 21:54:17,927 - INFO - 已完成 400/9447 个分子的处理。
2024-12-20 21:54:19,161 - INFO - 已完成 500/9447 个分子的处理。
2024-12-20 21:54:20,227 - INFO - 已完成 600/9447 个分子的处理。
2024-12-20 21:54:21,165 - INFO - 已完成 700/9447 个分子的处理。
2024-12-20 21:54:23,763 - INFO - 已完成 800/9447 个分子的处理。
2024-12-20 21:54:25,667 - INFO - 已完成 900/9447 个分子的处理。
2024-12-20 21:54:26,828 - INFO - 已完成 1000/9447 个分子的处理。
2024-12-20 21:54:28,072 - INFO - 已完成 1100/9447 个分子的处理。
2024-12-20 21:54:29,308 - INFO - 已完成 1200/9447 个分子的处理。
2024-12-20 21:54:30,843 - INFO - 已完成 1300/9447 个分子的处理。
2024-12-20 21:54:32,435 - INFO - 已完成 1400/9447 个分子的处理。
2024-12-20 21:54:33,239 - INFO - 已完成 1500/9447 个分子的处理。
2024-12-20 21:54:36,013 - INFO - 已完成 1600/9447 个分子的处理。
2024-12-20 21:54:36,789 - INFO - 已完成 1700/9447 个分子的处理。
2024-12-20 21:54:37,505 - INFO - 已完成 1800/9447 个分子的处理。
2024-12-20 21:54:38,681 - INFO - 已完成 1900/9447 个分子的处理。
2024-12-20 21:54:43,356 - INFO - 已完成 2000/9447 个分子的处理。
2024-12-20 21:54:52,418 - INFO - 已完成 2100/9447 个分子的处理。
2024-12-20 21:54:57,409 - INFO - 已完成 2200/9447 个分子的处理。
2024-12-20 21:54:59,646 - INFO - 已完成 2300/9447 个分子的处理。
2024-12-20 21:55:10,632 - INFO - 已完成 2400/9447 个分子的处理。
2024-12-20 21:55:12,250 - INFO - 已完成 2500/9447 个分子的处理。
2024-12-20 21:55:13,465 - INFO - 已完成 2600/9447 个分子的处理。
2024-12-20 21:55:16,812 - INFO - 已完成 2700/9447 个分子的处理。
2024-12-20 21:55:21,269 - INFO - 已完成 2800/9447 个分子的处理。
2024-12-20 21:55:23,844 - INFO - 已完成 2900/9447 个分子的处理。
2024-12-20 21:55:28,367 - INFO - 已完成 3000/9447 个分子的处理。
2024-12-20 21:55:30,380 - INFO - 已完成 3100/9447 个分子的处理。
2024-12-20 21:55:30,836 - INFO - 已完成 3200/9447 个分子的处理。
2024-12-20 21:55:31,162 - INFO - 已完成 3300/9447 个分子的处理。
2024-12-20 21:55:31,425 - INFO - 已完成 3400/9447 个分子的处理。
2024-12-20 21:55:31,799 - INFO - 已完成 3500/9447 个分子的处理。
2024-12-20 21:55:32,903 - INFO - 已完成 3600/9447 个分子的处理。
2024-12-20 21:55:33,589 - INFO - 已完成 3700/9447 个分子的处理。
2024-12-20 21:55:33,928 - INFO - 已完成 3800/9447 个分子的处理。
2024-12-20 21:55:34,269 - INFO - 已完成 3900/9447 个分子的处理。
2024-12-20 21:55:34,708 - INFO - 已完成 4000/9447 个分子的处理。
2024-12-20 21:55:35,359 - INFO - 已完成 4100/9447 个分子的处理。
2024-12-20 21:55:35,716 - INFO - 已完成 4200/9447 个分子的处理。
2024-12-20 21:55:36,064 - INFO - 已完成 4300/9447 个分子的处理。
2024-12-20 21:55:36,389 - INFO - 已完成 4400/9447 个分子的处理。
2024-12-20 21:55:37,149 - INFO - 已完成 4500/9447 个分子的处理。
2024-12-20 21:55:37,879 - INFO - 已完成 4600/9447 个分子的处理。
2024-12-20 21:55:39,084 - INFO - 已完成 4700/9447 个分子的处理。
2024-12-20 21:55:43,488 - INFO - 已完成 4800/9447 个分子的处理。
2024-12-20 21:55:43,759 - INFO - 已完成 4900/9447 个分子的处理。
2024-12-20 21:55:44,032 - INFO - 已完成 5000/9447 个分子的处理。
2024-12-20 21:55:48,135 - INFO - 已完成 5100/9447 个分子的处理。
2024-12-20 21:59:32,394 - INFO - 总共需要处理 9447 个分子。
2024-12-20 21:59:38,462 - INFO - 已完成 100/9447 个分子的处理。
2024-12-20 21:59:43,450 - INFO - 已完成 200/9447 个分子的处理。
2024-12-20 21:59:44,292 - INFO - 已完成 300/9447 个分子的处理。
2024-12-20 21:59:45,694 - INFO - 已完成 400/9447 个分子的处理。
2024-12-20 21:59:47,173 - INFO - 已完成 500/9447 个分子的处理。
2024-12-20 21:59:48,792 - INFO - 已完成 600/9447 个分子的处理。
2024-12-20 21:59:49,938 - INFO - 已完成 700/9447 个分子的处理。
2024-12-20 21:59:53,082 - INFO - 已完成 800/9447 个分子的处理。
2024-12-20 21:59:55,596 - INFO - 已完成 900/9447 个分子的处理。
2024-12-20 21:59:57,175 - INFO - 已完成 1000/9447 个分子的处理。
2024-12-20 21:59:58,959 - INFO - 已完成 1100/9447 个分子的处理。
2024-12-20 22:00:00,377 - INFO - 已完成 1200/9447 个分子的处理。
2024-12-20 22:00:02,405 - INFO - 已完成 1300/9447 个分子的处理。
2024-12-20 22:00:04,357 - INFO - 已完成 1400/9447 个分子的处理。
2024-12-20 22:00:05,416 - INFO - 已完成 1500/9447 个分子的处理。
2024-12-20 22:00:09,331 - INFO - 已完成 1600/9447 个分子的处理。
2024-12-20 22:00:10,284 - INFO - 已完成 1700/9447 个分子的处理。
2024-12-20 22:00:11,203 - INFO - 已完成 1800/9447 个分子的处理。
2024-12-20 22:00:12,503 - INFO - 已完成 1900/9447 个分子的处理。
2024-12-20 22:00:18,443 - INFO - 已完成 2000/9447 个分子的处理。
2024-12-20 22:00:29,687 - INFO - 已完成 2100/9447 个分子的处理。
2024-12-20 22:00:35,909 - INFO - 已完成 2200/9447 个分子的处理。
2024-12-20 22:00:38,645 - INFO - 已完成 2300/9447 个分子的处理。
2024-12-20 22:00:51,018 - INFO - 已完成 2400/9447 个分子的处理。
2024-12-20 22:00:52,880 - INFO - 已完成 2500/9447 个分子的处理。
2024-12-20 22:00:54,481 - INFO - 已完成 2600/9447 个分子的处理。
2024-12-20 22:00:58,309 - INFO - 已完成 2700/9447 个分子的处理。
2024-12-20 22:01:03,975 - INFO - 已完成 2800/9447 个分子的处理。
2024-12-20 22:01:07,280 - INFO - 已完成 2900/9447 个分子的处理。
2024-12-20 22:01:12,976 - INFO - 已完成 3000/9447 个分子的处理。
2024-12-20 22:01:15,463 - INFO - 已完成 3100/9447 个分子的处理。
2024-12-20 22:01:16,002 - INFO - 已完成 3200/9447 个分子的处理。
2024-12-20 22:01:16,421 - INFO - 已完成 3300/9447 个分子的处理。
2024-12-20 22:01:16,713 - INFO - 已完成 3400/9447 个分子的处理。
2024-12-20 22:01:17,214 - INFO - 已完成 3500/9447 个分子的处理。
2024-12-20 22:01:18,618 - INFO - 已完成 3600/9447 个分子的处理。
2024-12-20 22:01:19,542 - INFO - 已完成 3700/9447 个分子的处理。
2024-12-20 22:01:20,074 - INFO - 已完成 3800/9447 个分子的处理。
2024-12-20 22:01:20,644 - INFO - 已完成 3900/9447 个分子的处理。
2024-12-20 22:01:21,102 - INFO - 已完成 4000/9447 个分子的处理。
2024-12-20 22:01:21,887 - INFO - 已完成 4100/9447 个分子的处理。
2024-12-20 22:01:22,243 - INFO - 已完成 4200/9447 个分子的处理。
2024-12-20 22:01:22,589 - INFO - 已完成 4300/9447 个分子的处理。
2024-12-20 22:01:23,012 - INFO - 已完成 4400/9447 个分子的处理。
2024-12-20 22:01:24,104 - INFO - 已完成 4500/9447 个分子的处理。
2024-12-20 22:01:25,094 - INFO - 已完成 4600/9447 个分子的处理。
2024-12-20 22:01:26,396 - INFO - 已完成 4700/9447 个分子的处理。
2024-12-20 22:01:31,721 - INFO - 已完成 4800/9447 个分子的处理。
2024-12-20 22:01:32,048 - INFO - 已完成 4900/9447 个分子的处理。
2024-12-20 22:01:32,377 - INFO - 已完成 5000/9447 个分子的处理。
2024-12-20 22:01:37,483 - INFO - 已完成 5100/9447 个分子的处理。
2024-12-20 22:01:43,451 - INFO - 已完成 5200/9447 个分子的处理。
2024-12-20 22:01:47,698 - INFO - 已完成 5300/9447 个分子的处理。
2024-12-20 22:01:50,959 - INFO - 已完成 5400/9447 个分子的处理。
2024-12-20 22:01:54,645 - INFO - 已完成 5500/9447 个分子的处理。
2024-12-20 22:01:58,638 - INFO - 已完成 5600/9447 个分子的处理。
2024-12-20 22:02:03,910 - INFO - 已完成 5700/9447 个分子的处理。
2024-12-20 22:02:08,772 - INFO - 已完成 5800/9447 个分子的处理。
2024-12-20 22:02:12,927 - INFO - 已完成 5900/9447 个分子的处理。
2024-12-20 22:02:17,210 - INFO - 已完成 6000/9447 个分子的处理。
2024-12-20 22:02:21,137 - INFO - 已完成 6100/9447 个分子的处理。
2024-12-20 22:02:23,969 - INFO - 已完成 6200/9447 个分子的处理。
2024-12-20 22:02:27,083 - INFO - 已完成 6300/9447 个分子的处理。
2024-12-20 22:02:30,519 - INFO - 已完成 6400/9447 个分子的处理。
2024-12-20 22:02:35,023 - INFO - 已完成 6500/9447 个分子的处理。
2024-12-20 22:02:44,522 - INFO - 已完成 6600/9447 个分子的处理。
2024-12-20 22:02:50,696 - INFO - 已完成 6700/9447 个分子的处理。
2024-12-20 22:03:00,804 - INFO - 已完成 6800/9447 个分子的处理。
2024-12-20 22:03:04,436 - INFO - 已完成 6900/9447 个分子的处理。
2024-12-20 22:03:05,846 - INFO - 已完成 7000/9447 个分子的处理。
2024-12-20 22:03:07,450 - INFO - 已完成 7100/9447 个分子的处理。
2024-12-20 22:03:12,699 - INFO - 已完成 7200/9447 个分子的处理。
2024-12-20 22:03:19,577 - INFO - 已完成 7300/9447 个分子的处理。
2024-12-20 22:03:24,819 - INFO - 已完成 7400/9447 个分子的处理。
2024-12-20 22:03:32,595 - INFO - 已完成 7500/9447 个分子的处理。
2024-12-20 22:03:42,095 - INFO - 已完成 7600/9447 个分子的处理。
2024-12-20 22:03:52,972 - INFO - 已完成 7700/9447 个分子的处理。
2024-12-20 22:03:59,121 - INFO - 已完成 7800/9447 个分子的处理。
2024-12-20 22:04:09,398 - INFO - 已完成 7900/9447 个分子的处理。
2024-12-20 22:04:17,628 - INFO - 已完成 8000/9447 个分子的处理。
2024-12-20 22:04:28,271 - INFO - 已完成 8100/9447 个分子的处理。
2024-12-20 22:04:38,487 - INFO - 已完成 8200/9447 个分子的处理。
2024-12-20 22:04:47,014 - INFO - 已完成 8300/9447 个分子的处理。
2024-12-20 22:04:57,174 - INFO - 已完成 8400/9447 个分子的处理。
2024-12-20 22:04:59,705 - INFO - 已完成 8500/9447 个分子的处理。
2024-12-20 22:05:07,301 - INFO - 已完成 8600/9447 个分子的处理。
2024-12-20 22:05:08,927 - INFO - 已完成 8700/9447 个分子的处理。
2024-12-20 22:05:09,892 - INFO - 已完成 8800/9447 个分子的处理。
2024-12-20 22:05:11,074 - INFO - 已完成 8900/9447 个分子的处理。
2024-12-20 22:05:11,720 - INFO - 已完成 9000/9447 个分子的处理。
2024-12-20 22:05:12,643 - INFO - 已完成 9100/9447 个分子的处理。
2024-12-20 22:05:13,979 - INFO - 已完成 9200/9447 个分子的处理。
2024-12-20 22:05:15,342 - INFO - 已完成 9300/9447 个分子的处理。
2024-12-20 22:05:16,951 - INFO - 已完成 9400/9447 个分子的处理。
2024-12-20 22:05:17,822 - INFO - 所有Gaussian输入文件已生成。
2024-12-20 22:16:38,207 - INFO - 总共需要处理 9447 个分子。
2024-12-20 22:16:43,337 - INFO - 已完成 100/9447 个分子的处理。
2024-12-20 22:16:47,350 - INFO - 已完成 200/9447 个分子的处理。
2024-12-20 22:16:48,031 - INFO - 已完成 300/9447 个分子的处理。
2024-12-20 22:16:49,150 - INFO - 已完成 400/9447 个分子的处理。
2024-12-20 22:16:50,361 - INFO - 已完成 500/9447 个分子的处理。
2024-12-20 22:16:51,502 - INFO - 已完成 600/9447 个分子的处理。
2024-12-20 22:16:52,640 - INFO - 已完成 700/9447 个分子的处理。
2024-12-20 22:16:55,316 - INFO - 已完成 800/9447 个分子的处理。
2024-12-20 22:16:57,311 - INFO - 已完成 900/9447 个分子的处理。
2024-12-20 22:16:58,569 - INFO - 已完成 1000/9447 个分子的处理。
2024-12-20 22:16:59,835 - INFO - 已完成 1100/9447 个分子的处理。
2024-12-20 22:17:01,066 - INFO - 已完成 1200/9447 个分子的处理。
2024-12-20 22:17:02,858 - INFO - 已完成 1300/9447 个分子的处理。
2024-12-20 22:17:04,737 - INFO - 已完成 1400/9447 个分子的处理。
2024-12-20 22:17:05,524 - INFO - 已完成 1500/9447 个分子的处理。
2024-12-20 22:17:08,995 - INFO - 已完成 1600/9447 个分子的处理。
2024-12-20 22:17:09,888 - INFO - 已完成 1700/9447 个分子的处理。
2024-12-20 22:17:10,616 - INFO - 已完成 1800/9447 个分子的处理。
2024-12-20 22:17:11,562 - INFO - 已完成 1900/9447 个分子的处理。
2024-12-20 22:17:16,936 - INFO - 已完成 2000/9447 个分子的处理。
2024-12-20 22:17:26,455 - INFO - 已完成 2100/9447 个分子的处理。
2024-12-20 22:17:31,481 - INFO - 已完成 2200/9447 个分子的处理。
2024-12-20 22:17:33,694 - INFO - 已完成 2300/9447 个分子的处理。
2024-12-20 22:17:44,736 - INFO - 已完成 2400/9447 个分子的处理。
2024-12-20 22:17:46,328 - INFO - 已完成 2500/9447 个分子的处理。
2024-12-20 22:17:47,570 - INFO - 已完成 2600/9447 个分子的处理。
2024-12-20 22:17:50,926 - INFO - 已完成 2700/9447 个分子的处理。
2024-12-20 22:17:55,433 - INFO - 已完成 2800/9447 个分子的处理。
2024-12-20 22:17:58,013 - INFO - 已完成 2900/9447 个分子的处理。
2024-12-20 22:18:02,560 - INFO - 已完成 3000/9447 个分子的处理。
2024-12-20 22:18:04,627 - INFO - 已完成 3100/9447 个分子的处理。
2024-12-20 22:18:05,053 - INFO - 已完成 3200/9447 个分子的处理。
2024-12-20 22:18:05,390 - INFO - 已完成 3300/9447 个分子的处理。
2024-12-20 22:18:05,615 - INFO - 已完成 3400/9447 个分子的处理。
2024-12-20 22:18:05,986 - INFO - 已完成 3500/9447 个分子的处理。
2024-12-20 22:18:07,140 - INFO - 已完成 3600/9447 个分子的处理。
2024-12-20 22:18:07,856 - INFO - 已完成 3700/9447 个分子的处理。
2024-12-20 22:18:08,177 - INFO - 已完成 3800/9447 个分子的处理。
2024-12-20 22:18:08,531 - INFO - 已完成 3900/9447 个分子的处理。
2024-12-20 22:18:08,979 - INFO - 已完成 4000/9447 个分子的处理。
2024-12-20 22:18:09,640 - INFO - 已完成 4100/9447 个分子的处理。
2024-12-20 22:18:09,986 - INFO - 已完成 4200/9447 个分子的处理。
2024-12-20 22:18:10,319 - INFO - 已完成 4300/9447 个分子的处理。
2024-12-20 22:18:10,678 - INFO - 已完成 4400/9447 个分子的处理。
2024-12-20 22:18:11,431 - INFO - 已完成 4500/9447 个分子的处理。
2024-12-20 22:18:12,175 - INFO - 已完成 4600/9447 个分子的处理。
2024-12-20 22:18:13,363 - INFO - 已完成 4700/9447 个分子的处理。
2024-12-20 22:18:17,734 - INFO - 已完成 4800/9447 个分子的处理。
2024-12-20 22:18:18,042 - INFO - 已完成 4900/9447 个分子的处理。
2024-12-20 22:18:18,314 - INFO - 已完成 5000/9447 个分子的处理。
2024-12-20 22:18:22,210 - INFO - 已完成 5100/9447 个分子的处理。
2024-12-20 22:18:26,967 - INFO - 已完成 5200/9447 个分子的处理。
2024-12-20 22:18:30,249 - INFO - 已完成 5300/9447 个分子的处理。
2024-12-20 22:18:32,789 - INFO - 已完成 5400/9447 个分子的处理。
2024-12-20 22:18:35,766 - INFO - 已完成 5500/9447 个分子的处理。
2024-12-20 22:18:38,989 - INFO - 已完成 5600/9447 个分子的处理。
2024-12-20 22:18:43,256 - INFO - 已完成 5700/9447 个分子的处理。
2024-12-20 22:18:47,306 - INFO - 已完成 5800/9447 个分子的处理。
2024-12-20 22:18:50,545 - INFO - 已完成 5900/9447 个分子的处理。
2024-12-20 22:18:53,923 - INFO - 已完成 6000/9447 个分子的处理。
2024-12-20 22:18:57,181 - INFO - 已完成 6100/9447 个分子的处理。
2024-12-20 22:18:59,347 - INFO - 已完成 6200/9447 个分子的处理。
2024-12-20 22:19:01,652 - INFO - 已完成 6300/9447 个分子的处理。
2024-12-20 22:19:04,230 - INFO - 已完成 6400/9447 个分子的处理。
2024-12-20 22:19:07,923 - INFO - 已完成 6500/9447 个分子的处理。
2024-12-20 22:19:16,032 - INFO - 已完成 6600/9447 个分子的处理。
2024-12-20 22:19:20,988 - INFO - 已完成 6700/9447 个分子的处理。
2024-12-20 22:19:29,624 - INFO - 已完成 6800/9447 个分子的处理。
2024-12-20 22:19:32,633 - INFO - 已完成 6900/9447 个分子的处理。
2024-12-20 22:19:33,765 - INFO - 已完成 7000/9447 个分子的处理。
2024-12-20 22:19:35,069 - INFO - 已完成 7100/9447 个分子的处理。
2024-12-20 22:19:39,185 - INFO - 已完成 7200/9447 个分子的处理。
2024-12-20 22:19:44,776 - INFO - 已完成 7300/9447 个分子的处理。
2024-12-20 22:19:48,840 - INFO - 已完成 7400/9447 个分子的处理。
2024-12-20 22:19:54,695 - INFO - 已完成 7500/9447 个分子的处理。
2024-12-20 22:20:02,545 - INFO - 已完成 7600/9447 个分子的处理。
2024-12-20 22:20:11,011 - INFO - 已完成 7700/9447 个分子的处理。
2024-12-20 22:20:15,648 - INFO - 已完成 7800/9447 个分子的处理。
2024-12-20 22:20:24,278 - INFO - 已完成 7900/9447 个分子的处理。
2024-12-20 22:20:31,088 - INFO - 已完成 8000/9447 个分子的处理。
2024-12-20 22:20:40,313 - INFO - 已完成 8100/9447 个分子的处理。
2024-12-20 22:20:49,159 - INFO - 已完成 8200/9447 个分子的处理。
2024-12-20 22:20:56,926 - INFO - 已完成 8300/9447 个分子的处理。
2024-12-20 22:21:05,670 - INFO - 已完成 8400/9447 个分子的处理。
2024-12-20 22:21:07,979 - INFO - 已完成 8500/9447 个分子的处理。
2024-12-20 22:21:15,081 - INFO - 已完成 8600/9447 个分子的处理。
2024-12-20 22:21:16,516 - INFO - 已完成 8700/9447 个分子的处理。
2024-12-20 22:21:17,511 - INFO - 已完成 8800/9447 个分子的处理。
2024-12-20 22:21:18,663 - INFO - 已完成 8900/9447 个分子的处理。
2024-12-20 22:21:19,194 - INFO - 已完成 9000/9447 个分子的处理。
2024-12-20 22:21:20,095 - INFO - 已完成 9100/9447 个分子的处理。
2024-12-20 22:21:21,300 - INFO - 已完成 9200/9447 个分子的处理。
2024-12-20 22:21:22,664 - INFO - 已完成 9300/9447 个分子的处理。
2024-12-20 22:21:24,164 - INFO - 已完成 9400/9447 个分子的处理。
2024-12-20 22:21:25,107 - INFO - 所有Gaussian输入文件已生成。
2024-12-20 22:21:25,135 - WARNING - 有 4395 个分子未能生成 .gjf 文件。详情见 'failed_molecules.csv'。
2024-12-20 22:58:32,835 - INFO - 总共需要处理 336 个分子。
2024-12-20 22:58:41,411 - INFO - 已完成 100/336 个分子的处理。
2024-12-20 22:58:47,943 - INFO - 已完成 200/336 个分子的处理。
2024-12-20 22:58:55,439 - INFO - 已完成 300/336 个分子的处理。
2024-12-20 22:58:57,571 - INFO - 所有Gaussian输入文件已生成。
2024-12-20 22:58:57,576 - WARNING - 有 309 个分子未能生成 .gjf 文件。详情见 'fail_gen_gjf_files\failed_molecules.csv'。
2024-12-20 23:05:11,977 - INFO - 总共需要处理 336 个分子。
2024-12-20 23:05:20,635 - INFO - 已完成 100/336 个分子的处理。
2024-12-20 23:05:26,911 - INFO - 已完成 200/336 个分子的处理。
2024-12-20 23:05:34,151 - INFO - 已完成 300/336 个分子的处理。
2024-12-20 23:05:36,457 - INFO - 所有Gaussian输入文件已生成。
2024-12-20 23:05:36,463 - WARNING - 有 309 个分子未能生成 .gjf 文件。详情见 'fail_gen_gjf_files\failed_molecules.csv'。
2024-12-20 23:11:08,171 - INFO - 总共需要处理 336 个分子。
2024-12-20 23:11:16,609 - INFO - 已完成 100/336 个分子的处理。
2024-12-20 23:11:22,368 - INFO - 已完成 200/336 个分子的处理。
2024-12-20 23:11:29,382 - INFO - 已完成 300/336 个分子的处理。
2024-12-20 23:11:31,260 - INFO - 所有Gaussian输入文件已生成。
2024-12-20 23:11:31,265 - WARNING - 有 309 个分子未能生成 .gjf 文件。详情见 'fail_gen_gjf_files\failed_molecules.csv'。
2024-12-20 23:19:47,331 - INFO - 总共需要处理 336 个分子。
2024-12-20 23:19:55,385 - INFO - 已完成 100/336 个分子的处理。
2024-12-20 23:20:01,364 - INFO - 已完成 200/336 个分子的处理。
2024-12-20 23:20:08,597 - INFO - 已完成 300/336 个分子的处理。
2024-12-20 23:20:10,749 - INFO - 所有Gaussian输入文件已生成。
2024-12-20 23:20:10,754 - WARNING - 有 309 个分子未能生成 .gjf 文件。详情见 'fail_gen_gjf_files\failed_molecules.csv'。
2024-12-20 23:21:35,115 - INFO - 总共需要处理 336 个分子。
2024-12-20 23:21:36,128 - INFO - 总共需要处理 336 个分子。
2024-12-20 23:21:44,207 - INFO - 已完成 100/336 个分子的处理。
2024-12-20 23:21:50,999 - INFO - 已完成 200/336 个分子的处理。
2024-12-20 23:21:57,597 - INFO - 已完成 300/336 个分子的处理。
2024-12-20 23:21:59,638 - INFO - 所有Gaussian输入文件已生成。
2024-12-20 23:21:59,644 - WARNING - 有 309 个分子未能生成 .gjf 文件。详情见 'fail_gen_gjf_files\failed_molecules.csv'。
2024-12-20 23:22:16,248 - INFO - 总共需要处理 336 个分子。
2024-12-20 23:22:24,441 - INFO - 已完成 100/336 个分子的处理。
2024-12-20 23:22:30,611 - INFO - 已完成 200/336 个分子的处理。
2024-12-20 23:22:38,447 - INFO - 已完成 300/336 个分子的处理。
2024-12-20 23:22:40,552 - INFO - 所有Gaussian输入文件已生成。
2024-12-20 23:22:40,557 - WARNING - 有 309 个分子未能生成 .gjf 文件。详情见 'fail_gen_gjf_files\failed_molecules.csv'。
2024-12-20 23:28:46,194 - INFO - 总共需要处理 336 个分子。
2024-12-20 23:28:55,243 - INFO - 已完成 100/336 个分子的处理。
2024-12-20 23:28:55,999 - ERROR - 多进程处理时发生异常: Bad Conformer Id
2024-12-20 23:28:56,077 - ERROR - 多进程处理时发生异常: Bad Conformer Id
2024-12-20 23:28:56,219 - ERROR - 多进程处理时发生异常: Bad Conformer Id
2024-12-20 23:28:56,237 - ERROR - 多进程处理时发生异常: Bad Conformer Id
2024-12-20 23:28:56,267 - ERROR - 多进程处理时发生异常: Bad Conformer Id
2024-12-20 23:28:56,328 - ERROR - 多进程处理时发生异常: Bad Conformer Id
2024-12-20 23:28:56,426 - ERROR - 多进程处理时发生异常: Bad Conformer Id
2024-12-20 23:28:56,440 - ERROR - 多进程处理时发生异常: Bad Conformer Id
2024-12-20 23:28:56,452 - ERROR - 多进程处理时发生异常: Bad Conformer Id
2024-12-20 23:28:56,474 - ERROR - 多进程处理时发生异常: Bad Conformer Id
2024-12-20 23:28:56,498 - ERROR - 多进程处理时发生异常: Bad Conformer Id
2024-12-20 23:28:56,510 - ERROR - 多进程处理时发生异常: Bad Conformer Id
2024-12-20 23:28:56,535 - ERROR - 多进程处理时发生异常: Bad Conformer Id
2024-12-20 23:28:56,559 - ERROR - 多进程处理时发生异常: Bad Conformer Id
2024-12-20 23:28:56,624 - ERROR - 多进程处理时发生异常: Bad Conformer Id
2024-12-20 23:28:56,652 - ERROR - 多进程处理时发生异常: Bad Conformer Id
2024-12-20 23:29:02,513 - INFO - 已完成 200/336 个分子的处理。
2024-12-20 23:29:10,023 - INFO - 已完成 300/336 个分子的处理。
2024-12-20 23:29:12,399 - INFO - 所有Gaussian输入文件已生成。
2024-12-20 23:29:12,399 - INFO - 所有分子均成功生成 .gjf 文件。
2024-12-20 23:34:30,520 - INFO - 总共需要处理 9447 个分子。
2024-12-20 23:34:35,935 - INFO - 已完成 100/9447 个分子的处理。
2024-12-20 23:34:39,714 - INFO - 已完成 200/9447 个分子的处理。
2024-12-20 23:34:40,337 - INFO - 已完成 300/9447 个分子的处理。
2024-12-20 23:34:41,449 - INFO - 已完成 400/9447 个分子的处理。
2024-12-20 23:34:42,855 - INFO - 已完成 500/9447 个分子的处理。
2024-12-20 23:34:44,050 - INFO - 已完成 600/9447 个分子的处理。
2024-12-20 23:34:44,878 - INFO - 已完成 700/9447 个分子的处理。
2024-12-20 23:34:47,520 - INFO - 已完成 800/9447 个分子的处理。
2024-12-20 23:34:49,343 - INFO - 已完成 900/9447 个分子的处理。
2024-12-20 23:34:50,795 - INFO - 已完成 1000/9447 个分子的处理。
2024-12-20 23:34:52,000 - INFO - 已完成 1100/9447 个分子的处理。
2024-12-20 23:34:53,177 - INFO - 已完成 1200/9447 个分子的处理。
2024-12-20 23:34:54,683 - INFO - 已完成 1300/9447 个分子的处理。
2024-12-20 23:34:56,159 - INFO - 已完成 1400/9447 个分子的处理。
2024-12-20 23:34:56,977 - INFO - 已完成 1500/9447 个分子的处理。
2024-12-20 23:34:59,620 - INFO - 已完成 1600/9447 个分子的处理。
2024-12-20 23:35:00,513 - INFO - 已完成 1700/9447 个分子的处理。
2024-12-20 23:35:01,304 - INFO - 已完成 1800/9447 个分子的处理。
2024-12-20 23:35:02,347 - INFO - 已完成 1900/9447 个分子的处理。
2024-12-20 23:35:07,005 - INFO - 已完成 2000/9447 个分子的处理。
2024-12-20 23:35:16,368 - INFO - 已完成 2100/9447 个分子的处理。
2024-12-20 23:35:21,588 - INFO - 已完成 2200/9447 个分子的处理。
2024-12-20 23:35:23,640 - INFO - 已完成 2300/9447 个分子的处理。
2024-12-20 23:35:35,427 - INFO - 已完成 2400/9447 个分子的处理。
2024-12-20 23:35:37,243 - INFO - 已完成 2500/9447 个分子的处理。
2024-12-20 23:35:38,584 - INFO - 已完成 2600/9447 个分子的处理。
2024-12-20 23:35:41,845 - INFO - 已完成 2700/9447 个分子的处理。
2024-12-20 23:35:46,417 - INFO - 已完成 2800/9447 个分子的处理。
2024-12-20 23:35:49,127 - INFO - 已完成 2900/9447 个分子的处理。
2024-12-20 23:35:53,668 - INFO - 已完成 3000/9447 个分子的处理。
2024-12-20 23:35:55,709 - INFO - 已完成 3100/9447 个分子的处理。
2024-12-20 23:35:56,133 - INFO - 已完成 3200/9447 个分子的处理。
2024-12-20 23:35:56,487 - INFO - 已完成 3300/9447 个分子的处理。
2024-12-20 23:35:56,732 - INFO - 已完成 3400/9447 个分子的处理。
2024-12-20 23:35:57,094 - INFO - 已完成 3500/9447 个分子的处理。
2024-12-20 23:35:58,038 - INFO - 已完成 3600/9447 个分子的处理。
2024-12-20 23:35:58,868 - INFO - 已完成 3700/9447 个分子的处理。
2024-12-20 23:35:59,280 - INFO - 已完成 3800/9447 个分子的处理。
2024-12-20 23:35:59,724 - INFO - 已完成 3900/9447 个分子的处理。
2024-12-20 23:36:00,109 - INFO - 已完成 4000/9447 个分子的处理。
2024-12-20 23:36:00,700 - INFO - 已完成 4100/9447 个分子的处理。
2024-12-20 23:36:01,029 - INFO - 已完成 4200/9447 个分子的处理。
2024-12-20 23:36:01,329 - INFO - 已完成 4300/9447 个分子的处理。
2024-12-20 23:36:01,645 - INFO - 已完成 4400/9447 个分子的处理。
2024-12-20 23:36:02,531 - INFO - 已完成 4500/9447 个分子的处理。
2024-12-20 23:36:03,463 - INFO - 已完成 4600/9447 个分子的处理。
2024-12-20 23:36:04,257 - ERROR - 多进程处理时发生异常: Bad Conformer Id
2024-12-20 23:36:04,324 - ERROR - 多进程处理时发生异常: Bad Conformer Id
2024-12-20 23:36:04,325 - ERROR - 多进程处理时发生异常: Bad Conformer Id
2024-12-20 23:36:04,327 - ERROR - 多进程处理时发生异常: Bad Conformer Id
2024-12-20 23:36:04,330 - ERROR - 多进程处理时发生异常: Bad Conformer Id
2024-12-20 23:36:04,343 - ERROR - 多进程处理时发生异常: Bad Conformer Id
2024-12-20 23:36:04,348 - ERROR - 多进程处理时发生异常: Bad Conformer Id
2024-12-20 23:36:04,438 - ERROR - 多进程处理时发生异常: Bad Conformer Id
2024-12-20 23:36:04,488 - ERROR - 多进程处理时发生异常: Bad Conformer Id
2024-12-20 23:36:04,497 - ERROR - 多进程处理时发生异常: Bad Conformer Id
2024-12-20 23:36:04,498 - ERROR - 多进程处理时发生异常: Bad Conformer Id
2024-12-20 23:36:04,503 - ERROR - 多进程处理时发生异常: Bad Conformer Id
2024-12-20 23:36:04,504 - INFO - 已完成 4700/9447 个分子的处理。
2024-12-20 23:36:04,504 - ERROR - 多进程处理时发生异常: Bad Conformer Id
2024-12-20 23:36:04,509 - ERROR - 多进程处理时发生异常: Bad Conformer Id
2024-12-20 23:36:04,518 - ERROR - 多进程处理时发生异常: Bad Conformer Id
2024-12-20 23:36:04,520 - ERROR - 多进程处理时发生异常: Bad Conformer Id
2024-12-20 23:36:04,535 - ERROR - 多进程处理时发生异常: Bad Conformer Id
2024-12-20 23:36:04,655 - ERROR - 多进程处理时发生异常: Bad Conformer Id
2024-12-20 23:36:08,555 - INFO - 已完成 4800/9447 个分子的处理。
2024-12-20 23:36:08,857 - INFO - 已完成 4900/9447 个分子的处理。
2024-12-20 23:36:09,172 - INFO - 已完成 5000/9447 个分子的处理。
2024-12-20 23:36:13,378 - INFO - 已完成 5100/9447 个分子的处理。
2024-12-20 23:36:18,188 - INFO - 已完成 5200/9447 个分子的处理。
2024-12-20 23:36:21,607 - INFO - 已完成 5300/9447 个分子的处理。
2024-12-20 23:36:24,241 - INFO - 已完成 5400/9447 个分子的处理。
2024-12-20 23:36:27,246 - INFO - 已完成 5500/9447 个分子的处理。
2024-12-20 23:36:30,418 - INFO - 已完成 5600/9447 个分子的处理。
2024-12-20 23:36:34,816 - INFO - 已完成 5700/9447 个分子的处理。
2024-12-20 23:36:39,176 - INFO - 已完成 5800/9447 个分子的处理。
2024-12-20 23:36:42,443 - INFO - 已完成 5900/9447 个分子的处理。
2024-12-20 23:36:45,932 - INFO - 已完成 6000/9447 个分子的处理。
2024-12-20 23:36:48,858 - INFO - 已完成 6100/9447 个分子的处理。
2024-12-20 23:36:51,189 - INFO - 已完成 6200/9447 个分子的处理。
2024-12-20 23:36:53,622 - INFO - 已完成 6300/9447 个分子的处理。
2024-12-20 23:36:55,903 - INFO - 已完成 6400/9447 个分子的处理。
2024-12-20 23:36:59,528 - INFO - 已完成 6500/9447 个分子的处理。
2024-12-20 23:37:07,894 - INFO - 已完成 6600/9447 个分子的处理。
2024-12-20 23:37:13,072 - INFO - 已完成 6700/9447 个分子的处理。
2024-12-20 23:37:21,593 - INFO - 已完成 6800/9447 个分子的处理。
2024-12-20 23:37:24,666 - INFO - 已完成 6900/9447 个分子的处理。
2024-12-20 23:37:25,674 - INFO - 已完成 7000/9447 个分子的处理。
2024-12-20 23:37:27,157 - INFO - 已完成 7100/9447 个分子的处理。
2024-12-20 23:37:31,195 - INFO - 已完成 7200/9447 个分子的处理。
2024-12-20 23:37:36,810 - INFO - 已完成 7300/9447 个分子的处理。
2024-12-20 23:37:40,937 - INFO - 已完成 7400/9447 个分子的处理。
2024-12-20 23:37:47,032 - INFO - 已完成 7500/9447 个分子的处理。
2024-12-20 23:37:55,533 - INFO - 已完成 7600/9447 个分子的处理。
2024-12-20 23:38:06,310 - INFO - 已完成 7700/9447 个分子的处理。
2024-12-20 23:38:11,978 - INFO - 已完成 7800/9447 个分子的处理。
2024-12-20 23:38:23,239 - INFO - 已完成 7900/9447 个分子的处理。
2024-12-20 23:38:30,931 - INFO - 已完成 8000/9447 个分子的处理。
2024-12-20 23:38:41,926 - INFO - 已完成 8100/9447 个分子的处理。
2024-12-20 23:38:52,107 - INFO - 已完成 8200/9447 个分子的处理。
2024-12-20 23:39:00,933 - INFO - 已完成 8300/9447 个分子的处理。
2024-12-20 23:39:11,841 - INFO - 已完成 8400/9447 个分子的处理。
2024-12-20 23:39:14,726 - INFO - 已完成 8500/9447 个分子的处理。
2024-12-20 23:39:23,265 - INFO - 已完成 8600/9447 个分子的处理。
2024-12-20 23:39:24,953 - INFO - 已完成 8700/9447 个分子的处理。
2024-12-20 23:39:25,863 - INFO - 已完成 8800/9447 个分子的处理。
2024-12-20 23:39:27,254 - INFO - 已完成 8900/9447 个分子的处理。
2024-12-20 23:39:27,972 - INFO - 已完成 9000/9447 个分子的处理。
2024-12-20 23:39:28,885 - INFO - 已完成 9100/9447 个分子的处理。
2024-12-20 23:39:30,342 - INFO - 已完成 9200/9447 个分子的处理。
2024-12-20 23:39:31,924 - INFO - 已完成 9300/9447 个分子的处理。
2024-12-20 23:39:33,469 - INFO - 已完成 9400/9447 个分子的处理。
2024-12-20 23:39:34,516 - INFO - 所有Gaussian输入文件已生成。
2024-12-20 23:39:34,516 - INFO - 所有分子均成功生成 .gjf 文件。
2024-12-30 11:36:38,335 - INFO - 总共需要处理 9447 个分子。
2024-12-30 11:36:44,681 - INFO - 已完成 100/9447 个分子的处理。
2024-12-30 11:36:48,093 - INFO - 已完成 200/9447 个分子的处理。
2024-12-30 11:36:48,958 - INFO - 已完成 300/9447 个分子的处理。
2024-12-30 11:36:50,408 - INFO - 已完成 400/9447 个分子的处理。
2024-12-30 11:36:52,202 - INFO - 已完成 500/9447 个分子的处理。
2024-12-30 11:36:53,559 - INFO - 已完成 600/9447 个分子的处理。
2024-12-30 11:36:54,694 - INFO - 已完成 700/9447 个分子的处理。
2024-12-30 11:36:57,499 - INFO - 已完成 800/9447 个分子的处理。
2024-12-30 11:36:59,564 - INFO - 已完成 900/9447 个分子的处理。
2024-12-30 11:37:01,161 - INFO - 已完成 1000/9447 个分子的处理。
2024-12-30 11:37:02,556 - INFO - 已完成 1100/9447 个分子的处理。
2024-12-30 11:37:04,172 - INFO - 已完成 1200/9447 个分子的处理。
2024-12-30 11:37:06,255 - INFO - 已完成 1300/9447 个分子的处理。
2024-12-30 11:37:08,098 - INFO - 已完成 1400/9447 个分子的处理。
2024-12-30 11:37:09,171 - INFO - 已完成 1500/9447 个分子的处理。
2024-12-30 11:37:12,491 - INFO - 已完成 1600/9447 个分子的处理。
2024-12-30 11:37:13,493 - INFO - 已完成 1700/9447 个分子的处理。
2024-12-30 11:37:14,425 - INFO - 已完成 1800/9447 个分子的处理。
2024-12-30 11:37:16,001 - INFO - 已完成 1900/9447 个分子的处理。
2024-12-30 11:37:22,715 - INFO - 已完成 2000/9447 个分子的处理。
2024-12-30 11:37:32,929 - INFO - 已完成 2100/9447 个分子的处理。
2024-12-30 11:37:38,679 - INFO - 已完成 2200/9447 个分子的处理。
2024-12-30 11:37:41,017 - INFO - 已完成 2300/9447 个分子的处理。
2024-12-30 11:37:52,937 - INFO - 已完成 2400/9447 个分子的处理。
2024-12-30 11:37:54,990 - INFO - 已完成 2500/9447 个分子的处理。
2024-12-30 11:37:56,535 - INFO - 已完成 2600/9447 个分子的处理。
2024-12-30 11:37:59,999 - INFO - 已完成 2700/9447 个分子的处理。
2024-12-30 11:38:05,237 - INFO - 已完成 2800/9447 个分子的处理。
2024-12-30 11:38:08,668 - INFO - 已完成 2900/9447 个分子的处理。
2024-12-30 11:38:13,937 - INFO - 已完成 3000/9447 个分子的处理。
2024-12-30 11:38:16,378 - INFO - 已完成 3100/9447 个分子的处理。
2024-12-30 11:38:16,873 - INFO - 已完成 3200/9447 个分子的处理。
2024-12-30 11:38:17,290 - INFO - 已完成 3300/9447 个分子的处理。
2024-12-30 11:38:17,628 - INFO - 已完成 3400/9447 个分子的处理。
2024-12-30 11:38:18,186 - INFO - 已完成 3500/9447 个分子的处理。
2024-12-30 11:38:19,493 - INFO - 已完成 3600/9447 个分子的处理。
2024-12-30 11:38:20,358 - INFO - 已完成 3700/9447 个分子的处理。
2024-12-30 11:38:20,762 - INFO - 已完成 3800/9447 个分子的处理。
2024-12-30 11:38:21,192 - INFO - 已完成 3900/9447 个分子的处理。
2024-12-30 11:38:21,695 - INFO - 已完成 4000/9447 个分子的处理。
2024-12-30 11:38:22,474 - INFO - 已完成 4100/9447 个分子的处理。
2024-12-30 11:38:22,962 - INFO - 已完成 4200/9447 个分子的处理。
2024-12-30 11:38:23,451 - INFO - 已完成 4300/9447 个分子的处理。
2024-12-30 11:38:23,953 - INFO - 已完成 4400/9447 个分子的处理。
2024-12-30 11:38:24,977 - INFO - 已完成 4500/9447 个分子的处理。
2024-12-30 11:38:26,127 - INFO - 已完成 4600/9447 个分子的处理。
2024-12-30 11:38:27,740 - INFO - 已完成 4700/9447 个分子的处理。
2024-12-30 11:38:32,796 - INFO - 已完成 4800/9447 个分子的处理。
2024-12-30 11:38:33,219 - INFO - 已完成 4900/9447 个分子的处理。
2024-12-30 11:38:33,691 - INFO - 已完成 5000/9447 个分子的处理。
2024-12-30 11:38:39,280 - INFO - 已完成 5100/9447 个分子的处理。
2024-12-30 11:38:44,962 - INFO - 已完成 5200/9447 个分子的处理。
2024-12-30 11:38:48,831 - INFO - 已完成 5300/9447 个分子的处理。
2024-12-30 11:38:51,940 - INFO - 已完成 5400/9447 个分子的处理。
2024-12-30 11:38:55,479 - INFO - 已完成 5500/9447 个分子的处理。
2024-12-30 11:38:58,924 - INFO - 已完成 5600/9447 个分子的处理。
2024-12-30 11:39:03,784 - INFO - 已完成 5700/9447 个分子的处理。
2024-12-30 11:39:08,442 - INFO - 已完成 5800/9447 个分子的处理。
2024-12-30 11:39:12,101 - INFO - 已完成 5900/9447 个分子的处理。
2024-12-30 11:39:15,871 - INFO - 已完成 6000/9447 个分子的处理。
2024-12-30 11:39:19,174 - INFO - 已完成 6100/9447 个分子的处理。
2024-12-30 11:39:21,673 - INFO - 已完成 6200/9447 个分子的处理。
2024-12-30 11:39:24,283 - INFO - 已完成 6300/9447 个分子的处理。
2024-12-30 11:39:27,188 - INFO - 已完成 6400/9447 个分子的处理。
2024-12-30 11:39:31,223 - INFO - 已完成 6500/9447 个分子的处理。
2024-12-30 11:39:40,642 - INFO - 已完成 6600/9447 个分子的处理。
2024-12-30 11:39:46,523 - INFO - 已完成 6700/9447 个分子的处理。
2024-12-30 11:39:55,958 - INFO - 已完成 6800/9447 个分子的处理。
2024-12-30 11:39:59,483 - INFO - 已完成 6900/9447 个分子的处理。
2024-12-30 11:40:00,922 - INFO - 已完成 7000/9447 个分子的处理。
2024-12-30 11:40:02,732 - INFO - 已完成 7100/9447 个分子的处理。
2024-12-30 11:40:07,661 - INFO - 已完成 7200/9447 个分子的处理。
2024-12-30 11:40:14,716 - INFO - 已完成 7300/9447 个分子的处理。
2024-12-30 11:40:19,514 - INFO - 已完成 7400/9447 个分子的处理。
2024-12-30 11:40:26,758 - INFO - 已完成 7500/9447 个分子的处理。
2024-12-30 11:40:36,996 - INFO - 已完成 7600/9447 个分子的处理。
2024-12-30 11:40:48,342 - INFO - 已完成 7700/9447 个分子的处理。
2024-12-30 11:40:54,635 - INFO - 已完成 7800/9447 个分子的处理。
2024-12-30 11:41:05,153 - INFO - 已完成 7900/9447 个分子的处理。
2024-12-30 11:41:15,168 - INFO - 已完成 8000/9447 个分子的处理。
2024-12-30 11:41:27,030 - INFO - 已完成 8100/9447 个分子的处理。
2024-12-30 11:41:38,685 - INFO - 已完成 8200/9447 个分子的处理。
2024-12-30 11:41:47,710 - INFO - 已完成 8300/9447 个分子的处理。
2024-12-30 11:41:57,253 - INFO - 已完成 8400/9447 个分子的处理。
2024-12-30 11:41:59,906 - INFO - 已完成 8500/9447 个分子的处理。
2024-12-30 11:42:07,460 - INFO - 已完成 8600/9447 个分子的处理。
2024-12-30 11:42:08,971 - INFO - 已完成 8700/9447 个分子的处理。
2024-12-30 11:42:10,184 - INFO - 已完成 8800/9447 个分子的处理。
2024-12-30 11:42:11,702 - INFO - 已完成 8900/9447 个分子的处理。
2024-12-30 11:42:12,418 - INFO - 已完成 9000/9447 个分子的处理。
2024-12-30 11:42:13,466 - INFO - 已完成 9100/9447 个分子的处理。
2024-12-30 11:42:14,944 - INFO - 已完成 9200/9447 个分子的处理。
2024-12-30 11:42:16,565 - INFO - 已完成 9300/9447 个分子的处理。
2024-12-30 11:42:18,181 - INFO - 已完成 9400/9447 个分子的处理。
2024-12-30 11:42:19,554 - INFO - 所有Gaussian输入文件已生成。
